<?xml version="1.0" encoding="UTF-8"?>
<testng-results skipped="0" failed="0" ignored="0" total="1" passed="1">
  <reporter-output>
  </reporter-output>
  <suite name="InetBankingV1" duration-ms="52560" started-at="2020-09-08T15:11:27Z" finished-at="2020-09-08T15:12:20Z">
    <groups>
    </groups>
    <test name="BankingApp Test" duration-ms="52560" started-at="2020-09-08T15:11:27Z" finished-at="2020-09-08T15:12:20Z">
      <class name="com.inetbanking.testCases.TC_LoginTest_001">
        <test-method status="PASS" signature="setUp(java.lang.String)[pri:0, instance:com.inetbanking.testCases.TC_LoginTest_001@7a0ac6e3]" name="setUp" is-config="true" duration-ms="45826" started-at="2020-09-08T15:11:28Z" finished-at="2020-09-08T15:12:14Z">
          <params>
            <param index="0">
              <value>
                <![CDATA[chrome]]>
              </value>
            </param>
          </params>
          <reporter-output>
          </reporter-output>
        </test-method> <!-- setUp -->
        <test-method status="PASS" signature="loginTest()[pri:0, instance:com.inetbanking.testCases.TC_LoginTest_001@7a0ac6e3]" name="loginTest" duration-ms="4043" started-at="2020-09-08T15:12:14Z" finished-at="2020-09-08T15:12:18Z">
          <reporter-output>
          </reporter-output>
        </test-method> <!-- loginTest -->
        <test-method status="PASS" signature="tearDown()[pri:0, instance:com.inetbanking.testCases.TC_LoginTest_001@7a0ac6e3]" name="tearDown" is-config="true" duration-ms="2110" started-at="2020-09-08T15:12:18Z" finished-at="2020-09-08T15:12:20Z">
          <reporter-output>
          </reporter-output>
        </test-method> <!-- tearDown -->
      </class> <!-- com.inetbanking.testCases.TC_LoginTest_001 -->
    </test> <!-- BankingApp Test -->
  </suite> <!-- InetBankingV1 -->
</testng-results>
